Sink #0
	State: SUSPENDED
	Name: alsa_output.pci-0000_00_1b.0.analog-stereo
	Description: Built-in Audio Analog Stereo
	Driver: module-alsa-card.c
	Sample Specification: s16le 2ch 44100Hz
	Channel Map: front-left,front-right
	Owner Module: 5
	Mute: no
	Volume: 0:  46% 1:  46%
	        0: -20.25 dB 1: -20.25 dB
	        balance 0.00
	Base Volume: 100%
	             0.00 dB
	Monitor Source: alsa_output.pci-0000_00_1b.0.analog-stereo.monitor
	Latency: 0 usec, configured 0 usec
	Flags: HARDWARE HW_MUTE_CTRL HW_VOLUME_CTRL DECIBEL_VOLUME LATENCY 
	Properties:
		alsa.resolution_bits = "16"
		device.api = "alsa"
		device.class = "sound"
		alsa.class = "generic"
		alsa.subclass = "generic-mix"
		alsa.name = "92HD91BXX Analog"
		alsa.id = "92HD91BXX Analog"
		alsa.subdevice = "0"
		alsa.subdevice_name = "subdevice #0"
		alsa.device = "0"
		alsa.card = "0"
		alsa.card_name = "HDA Intel PCH"
		alsa.long_card_name = "HDA Intel PCH at 0xf1610000 irq 31"
		alsa.driver_name = "snd_hda_intel"
		device.bus_path = "pci-0000:00:1b.0"
		sysfs.path = "/devices/pci0000:00/0000:00:1b.0/sound/card0"
		device.bus = "pci"
		device.vendor.id = "8086"
		device.vendor.name = "Intel Corporation"
		device.product.id = "1e20"
		device.product.name = "7 Series/C210 Series Chipset Family High Definition Audio Controller"
		device.form_factor = "internal"
		device.string = "front:0"
		device.buffering.buffer_size = "65536"
		device.buffering.fragment_size = "32768"
		device.access_mode = "mmap+timer"
		device.profile.name = "analog-stereo"
		device.profile.description = "Analog Stereo"
		device.description = "Built-in Audio Analog Stereo"
		alsa.mixer_name = "Intel PantherPoint HDMI"
		alsa.components = "HDA:111d76e0,10280578,00100102 HDA:80862806,80860101,00100000"
		module-udev-detect.discovered = "1"
		device.icon_name = "audio-card-pci"
	Ports:
		analog-output-speaker: Speakers (priority: 10000)
		analog-output-headphones: Headphones (priority: 9000, not available)
	Active Port: analog-output-speaker
	Formats:
		pcm

Sink #1
	State: SUSPENDED
	Name: rtp
	Description: RTP Multicast
	Driver: module-null-sink.c
	Sample Specification: s16be 2ch 44100Hz
	Channel Map: front-left,front-right
	Owner Module: 10
	Mute: no
	Volume: 0:  19% 1:  19%
	        0: -43.48 dB 1: -43.48 dB
	        balance 0.00
	Base Volume: 100%
	             0.00 dB
	Monitor Source: rtp.monitor
	Latency: 0 usec, configured 0 usec
	Flags: DECIBEL_VOLUME LATENCY 
	Properties:
		device.description = "RTP Multicast"
		device.class = "abstract"
		device.bus = "network"
		device.icon_name = "network-server"
	Formats:
		pcm
